0.000 ID= 1      Ask            
0.000 ID= 2      Ask            
0.001 ID= 3      Ask            
0.001 ID= 0 Q= 1 Work           4
0.001 ID= 0 Q= 2 Work           2
0.001 ID= 0 Q= 3 Work           1
0.001 ID= 0 Q= 4 Work           1
0.091 ID= 0      Sleep          9
0.091 ID= 0 Q= 5 Work           5
0.101 ID= 0      Sleep          1
0.101 ID= 0 Q= 6 Work           1
0.101 ID= 0 Q= 7 Work           1
0.101 ID= 0 Q= 8 Work           1
0.101 ID= 2 Q= 7 Receive        4
0.103 ID= 2      Complete       4
0.103 ID= 2      Ask            
0.103 ID= 3 Q= 6 Receive        2
0.105 ID= 3      Complete       2
0.105 ID= 3      Ask            
0.105 ID= 3 Q= 5 Receive        1
0.105 ID= 3      Complete       1
0.105 ID= 3      Ask            
0.105 ID= 3 Q= 4 Receive        1
0.106 ID= 3      Complete       1
0.106 ID= 3      Ask            
0.106 ID= 3 Q= 3 Receive        5
0.108 ID= 1 Q= 2 Receive        1
0.108 ID= 1      Complete       1
0.108 ID= 1      Ask            
0.108 ID= 1 Q= 1 Receive        1
0.109 ID= 1      Complete       1
0.109 ID= 1      Ask            
0.109 ID= 1 Q= 0 Receive        1
0.110 ID= 1      Complete       1
0.110 ID= 1      Ask            
0.110 ID= 3      Complete       5
0.110 ID= 3      Ask            
