0.000 ID= 1      Ask            
0.001 ID= 2      Ask            
0.001 ID= 3      Ask            
0.001 ID= 0 Q= 1 Work           4
0.001 ID= 0 Q= 2 Work           2
0.001 ID= 0 Q= 3 Work           1
0.002 ID= 0 Q= 4 Work           1
0.002 ID= 0      Sleep          9
0.002 ID= 3 Q= 3 Receive        4
0.006 ID= 2 Q= 2 Receive        2
0.008 ID= 2      Complete       2
0.008 ID= 2      Ask            
0.008 ID= 2 Q= 1 Receive        1
0.008 ID= 2      Complete       1
0.008 ID= 2      Ask            
0.008 ID= 1 Q= 0 Receive        1
0.009 ID= 1      Complete       1
0.009 ID= 1      Ask            
0.009 ID= 3      Complete       4
0.009 ID= 3      Ask            
0.092 ID= 0 Q= 1 Work           5
0.092 ID= 0      Sleep          1
0.092 ID= 1 Q= 0 Receive        5
0.095 ID= 1      Complete       5
0.096 ID= 1      Ask            
0.103 ID= 0 Q= 1 Work           1
0.103 ID= 0 Q= 2 Work           1
0.103 ID= 0 Q= 3 Work           1
0.103 ID= 2 Q= 2 Receive        1
0.104 ID= 2      Complete       1
0.104 ID= 2      Ask            
0.104 ID= 2 Q= 1 Receive        1
0.105 ID= 2      Complete       1
0.105 ID= 2      Ask            
0.105 ID= 2 Q= 0 Receive        1
0.107 ID= 2      Complete       1
0.107 ID= 2      Ask            
